0 info it worked if it ends with ok
1 verbose cli [ '/Users/cedwards/.nvm/versions/node/v4.8.3/bin/node',
1 verbose cli   '/Users/cedwards/.nvm/versions/node/v4.8.3/bin/npm',
1 verbose cli   'run',
1 verbose cli   'start:dev' ]
2 info using npm@2.15.11
3 info using node@v4.8.3
4 verbose stack Error: ENOENT: no such file or directory, open '/Users/cedwards/Projects/personal/food-trucks/package.json'
4 verbose stack     at Error (native)
5 verbose cwd /Users/cedwards/Projects/personal/food-trucks
6 error Darwin 17.7.0
7 error argv "/Users/cedwards/.nvm/versions/node/v4.8.3/bin/node" "/Users/cedwards/.nvm/versions/node/v4.8.3/bin/npm" "run" "start:dev"
8 error node v4.8.3
9 error npm  v2.15.11
10 error path /Users/cedwards/Projects/personal/food-trucks/package.json
11 error code ENOENT
12 error errno -2
13 error syscall open
14 error enoent ENOENT: no such file or directory, open '/Users/cedwards/Projects/personal/food-trucks/package.json'
14 error enoent This is most likely not a problem with npm itself
14 error enoent and is related to npm not being able to find a file.
15 verbose exit [ -2, true ]
